<?xml version="1.0" encoding="UTF-8"?>
<!-- Generated by org.testng.reporters.JUnitReportReporter -->
<testsuite hostname="LAPTOP-RBJAAMOL" failures="0" tests="2" name="com.salesforce_TestScripts.Account_Module" time="59.194" errors="0" timestamp="2024-08-05T14:59:14 IST" skipped="0">
  <testcase classname="com.salesforce_TestScripts.Account_Module" name="Verify_The_Validation_Eror_On_Account" time="31.657"/>
  <system-out/>
  <testcase classname="com.salesforce_TestScripts.Account_Module" name="New_Account_Creation" time="27.537"/>
  <system-out/>
</testsuite> <!-- com.salesforce_TestScripts.Account_Module -->
