<?xml version="1.0" encoding="UTF-8"?>
<!-- Generated by org.testng.reporters.JUnitReportReporter -->
<testsuite hostname="LAPTOP-RBJAAMOL" failures="0" tests="1" name="com.salesforce_TestScripts.Login_Module" time="11.889" errors="0" timestamp="2024-08-05T17:22:25 IST" skipped="0">
  <testcase classname="com.salesforce_TestScripts.Login_Module" name="loginWithVaildCredentials" time="11.889"/>
  <system-out/>
</testsuite> <!-- com.salesforce_TestScripts.Login_Module -->
