<?xml version="1.0" encoding="UTF-8"?>
<!-- Generated by org.testng.reporters.JUnitReportReporter -->
<testsuite hostname="LAPTOP-RBJAAMOL" failures="0" tests="2" name="com.salesforce_TestScripts.Contact_Module" time="54.709" errors="0" timestamp="2024-08-05T14:59:14 IST" skipped="0">
  <testcase classname="com.salesforce_TestScripts.Contact_Module" name="New_Contact_Creation" time="28.594"/>
  <system-out/>
  <testcase classname="com.salesforce_TestScripts.Contact_Module" name="Verify_The_Validation_Eror_On_Contact" time="26.115"/>
  <system-out/>
</testsuite> <!-- com.salesforce_TestScripts.Contact_Module -->
