<?xml version="1.0" encoding="UTF-8"?>
<!-- Generated by org.testng.reporters.JUnitReportReporter -->
<testsuite hostname="LAPTOP-RBJAAMOL" failures="0" tests="2" name="com.salesforce_TestScripts.LoginModule" time="13.936" errors="0" timestamp="2024-07-31T17:03:02 IST" skipped="0">
  <testcase classname="com.salesforce_TestScripts.LoginModule" name="loginWithInvaildCredentials" time="2.581"/>
  <system-out/>
  <testcase classname="com.salesforce_TestScripts.LoginModule" name="loginWithVaildCredentials" time="11.355"/>
  <system-out/>
</testsuite> <!-- com.salesforce_TestScripts.LoginModule -->
