<?xml version="1.0" encoding="UTF-8"?>
<!-- Generated by org.testng.reporters.JUnitReportReporter -->
<testsuite hostname="LAPTOP-RBJAAMOL" failures="0" tests="1" name="com.salesforce_TestScripts.AccountCreation" time="24.501" errors="0" timestamp="2024-07-31T19:17:38 IST" skipped="0">
  <testcase classname="com.salesforce_TestScripts.AccountCreation" name="NewAccountCreation" time="24.501"/>
  <system-out/>
</testsuite> <!-- com.salesforce_TestScripts.AccountCreation -->
