<?xml version="1.0" encoding="UTF-8"?>
<!-- Generated by org.testng.reporters.JUnitReportReporter -->
<testsuite hostname="LAPTOP-RBJAAMOL" failures="0" tests="1" name="com.salesforce_TestScripts.Account_Related_Contact_Creation" time="44.432" errors="0" timestamp="2024-08-05T14:59:14 IST" skipped="0">
  <testcase classname="com.salesforce_TestScripts.Account_Related_Contact_Creation" name="Related_Contact" time="44.432"/>
  <system-out/>
</testsuite> <!-- com.salesforce_TestScripts.Account_Related_Contact_Creation -->
