<?xml version="1.0" encoding="UTF-8"?>
<!-- Generated by org.testng.reporters.JUnitReportReporter -->
<testsuite hostname="LAPTOP-RBJAAMOL" failures="0" tests="2" name="com.salesforce_TestScripts.Account_Creation" time="41.056" errors="0" timestamp="2024-08-01T15:48:06 IST" skipped="0">
  <testcase classname="com.salesforce_TestScripts.Account_Creation" name="Verify_The_Validation_Eror_On_Account" time="20.584"/>
  <system-out/>
  <testcase classname="com.salesforce_TestScripts.Account_Creation" name="New_Account_Creation" time="20.472"/>
  <system-out/>
</testsuite> <!-- com.salesforce_TestScripts.Account_Creation -->
